<?xml version="1.0" encoding="UTF-8"?>
<!-- Generated by org.testng.reporters.JUnitXMLReporter -->
<testsuite hostname="nycpusagolube.local" name="Default test" tests="3" failures="0" timestamp="4 Jun 2014 19:46:22 GMT" time="0.02" errors="0">
  <testcase name="testMe" time="0.005" classname="test.nestle.Suite.CreateAccount">
    <skipped/>
  </testcase> <!-- testMe -->
  <testcase name="testMe2" time="0.001" classname="test.nestle.Suite.CreateAccount">
    <skipped/>
  </testcase> <!-- testMe2 -->
  <testcase name="testMe3" time="0.001" classname="test.nestle.Suite.CreateAccount">
    <skipped/>
  </testcase> <!-- testMe3 -->
</testsuite> <!-- Default test -->
